The system is: Windows - 10.0.19042 - AMD64
Compiling the C compiler identification source file "CMakeCCompilerId.c" succeeded.
Compiler: C:/Program Files (x86)/Microsoft Visual Studio/2019/Community/VC/Tools/MSVC/14.28.29910/bin/Hostx86/x86/cl.exe 
Build flags: 
Id flags:  

The output was:
0
Microsoft (R) C/C++-Optimierungscompiler Version 19.28.29914 für x86
Copyright (C) Microsoft Corporation. Alle Rechte vorbehalten.

CMakeCCompilerId.c
Microsoft (R) Incremental Linker Version 14.28.29914.0
Copyright (C) Microsoft Corporation.  All rights reserved.

/out:CMakeCCompilerId.exe 
CMakeCCompilerId.obj 


Compilation of the C compiler identification source "CMakeCCompilerId.c" produced "CMakeCCompilerId.exe"

Compilation of the C compiler identification source "CMakeCCompilerId.c" produced "CMakeCCompilerId.obj"

The C compiler identification is MSVC, found in "D:/Users/Danie/Desktop/Arbeit_Test/Raspberry_Pi_Pico/Examples/EMNIST_TFL2uC_int8/build/elf2uf2/CMakeFiles/3.20.1/CompilerIdC/CMakeCCompilerId.exe"

Compiling the CXX compiler identification source file "CMakeCXXCompilerId.cpp" succeeded.
Compiler: C:/Program Files (x86)/Microsoft Visual Studio/2019/Community/VC/Tools/MSVC/14.28.29910/bin/Hostx86/x86/cl.exe 
Build flags: 
Id flags:  

The output was:
0
Microsoft (R) C/C++-Optimierungscompiler Version 19.28.29914 für x86
Copyright (C) Microsoft Corporation. Alle Rechte vorbehalten.

CMakeCXXCompilerId.cpp
Microsoft (R) Incremental Linker Version 14.28.29914.0
Copyright (C) Microsoft Corporation.  All rights reserved.

/out:CMakeCXXCompilerId.exe 
CMakeCXXCompilerId.obj 


Compilation of the CXX compiler identification source "CMakeCXXCompilerId.cpp" produced "CMakeCXXCompilerId.exe"

Compilation of the CXX compiler identification source "CMakeCXXCompilerId.cpp" produced "CMakeCXXCompilerId.obj"

The CXX compiler identification is MSVC, found in "D:/Users/Danie/Desktop/Arbeit_Test/Raspberry_Pi_Pico/Examples/EMNIST_TFL2uC_int8/build/elf2uf2/CMakeFiles/3.20.1/CompilerIdCXX/CMakeCXXCompilerId.exe"

Detecting C compiler ABI info compiled with the following output:
Change Dir: D:/Users/Danie/Desktop/Arbeit_Test/Raspberry_Pi_Pico/Examples/EMNIST_TFL2uC_int8/build/elf2uf2/CMakeFiles/CMakeTmp

Run Build Command(s):nmake -f Makefile /nologo cmTC_0e1fb\fast && 	"C:\Program Files (x86)\Microsoft Visual Studio\2019\Community\VC\Tools\MSVC\14.28.29910\bin\HostX86\x86\nmake.exe"  -f CMakeFiles\cmTC_0e1fb.dir\build.make /nologo -L                  CMakeFiles\cmTC_0e1fb.dir\build
Building C object CMakeFiles/cmTC_0e1fb.dir/CMakeCCompilerABI.c.obj
	"D:\Program Files\CMake\bin\cmake.exe" -E cmake_cl_compile_depends --dep-file=CMakeFiles\cmTC_0e1fb.dir\CMakeCCompilerABI.c.obj.d --working-dir=D:\Users\Danie\Desktop\Arbeit_Test\Raspberry_Pi_Pico\Examples\EMNIST_TFL2uC_int8\build\elf2uf2\CMakeFiles\CMakeTmp --filter-prefix="Hinweis: Einlesen der Datei: " -- C:\PROGRA~2\MICROS~2\2019\COMMUN~1\VC\Tools\MSVC\1428~1.299\bin\Hostx86\x86\cl.exe @C:\Users\Danie\AppData\Local\Temp\nm4E3A.tmp
CMakeCCompilerABI.c
Linking C executable cmTC_0e1fb.exe
	"D:\Program Files\CMake\bin\cmake.exe" -E vs_link_exe --intdir=CMakeFiles\cmTC_0e1fb.dir --rc=C:\PROGRA~2\WI3CF2~1\10\bin\100190~1.0\x86\rc.exe --mt=C:\PROGRA~2\WI3CF2~1\10\bin\100190~1.0\x86\mt.exe --manifests -- C:\PROGRA~2\MICROS~2\2019\COMMUN~1\VC\Tools\MSVC\1428~1.299\bin\Hostx86\x86\link.exe /nologo @CMakeFiles\cmTC_0e1fb.dir\objects1.rsp @C:\Users\Danie\AppData\Local\Temp\nm4FA3.tmp



Detecting CXX compiler ABI info compiled with the following output:
Change Dir: D:/Users/Danie/Desktop/Arbeit_Test/Raspberry_Pi_Pico/Examples/EMNIST_TFL2uC_int8/build/elf2uf2/CMakeFiles/CMakeTmp

Run Build Command(s):nmake -f Makefile /nologo cmTC_d04a1\fast && 	"C:\Program Files (x86)\Microsoft Visual Studio\2019\Community\VC\Tools\MSVC\14.28.29910\bin\HostX86\x86\nmake.exe"  -f CMakeFiles\cmTC_d04a1.dir\build.make /nologo -L                  CMakeFiles\cmTC_d04a1.dir\build
Building CXX object CMakeFiles/cmTC_d04a1.dir/CMakeCXXCompilerABI.cpp.obj
	"D:\Program Files\CMake\bin\cmake.exe" -E cmake_cl_compile_depends --dep-file=CMakeFiles\cmTC_d04a1.dir\CMakeCXXCompilerABI.cpp.obj.d --working-dir=D:\Users\Danie\Desktop\Arbeit_Test\Raspberry_Pi_Pico\Examples\EMNIST_TFL2uC_int8\build\elf2uf2\CMakeFiles\CMakeTmp --filter-prefix="Hinweis: Einlesen der Datei: " -- C:\PROGRA~2\MICROS~2\2019\COMMUN~1\VC\Tools\MSVC\1428~1.299\bin\Hostx86\x86\cl.exe @C:\Users\Danie\AppData\Local\Temp\nm533C.tmp
CMakeCXXCompilerABI.cpp
Linking CXX executable cmTC_d04a1.exe
	"D:\Program Files\CMake\bin\cmake.exe" -E vs_link_exe --intdir=CMakeFiles\cmTC_d04a1.dir --rc=C:\PROGRA~2\WI3CF2~1\10\bin\100190~1.0\x86\rc.exe --mt=C:\PROGRA~2\WI3CF2~1\10\bin\100190~1.0\x86\mt.exe --manifests -- C:\PROGRA~2\MICROS~2\2019\COMMUN~1\VC\Tools\MSVC\1428~1.299\bin\Hostx86\x86\link.exe /nologo @CMakeFiles\cmTC_d04a1.dir\objects1.rsp @C:\Users\Danie\AppData\Local\Temp\nm53AA.tmp



